<?xml version="1.0" encoding="UTF-8"?>
<!-- Generated by org.testng.reporters.JUnitReportReporter -->
<testsuite hostname="Javon" failures="0" tests="3" name="listeners.TestNGListenerDemo2" time="0.009" errors="0" timestamp="13 Mar 2020 11:32:07 GMT" skipped="0">
  <testcase classname="listeners.TestNGListenerDemo2" name="test5" time="0.004"/>
  <testcase classname="listeners.TestNGListenerDemo2" name="test6" time="0.003"/>
  <testcase classname="listeners.TestNGListenerDemo2" name="test4" time="0.002"/>
</testsuite> <!-- listeners.TestNGListenerDemo2 -->
