<?xml version="1.0" encoding="UTF-8"?>
<!-- Generated by org.testng.reporters.JUnitReportReporter -->
<testsuite hostname="Javon" failures="0" tests="3" name="utils.ExcelDataProvider" time="14.130" errors="0" timestamp="09 Mar 2020 14:16:14 GMT" skipped="0">
  <testcase classname="utils.ExcelDataProvider" name="test1" time="3.832"/>
  <testcase classname="utils.ExcelDataProvider" name="test1" time="6.494"/>
  <testcase classname="utils.ExcelDataProvider" name="test1" time="3.804"/>
</testsuite> <!-- utils.ExcelDataProvider -->
