<?xml version="1.0" encoding="UTF-8"?>
<!-- Generated by org.testng.reporters.JUnitReportReporter -->
<testsuite hostname="Javon" failures="0" tests="1" name="test.TestNG_GoogleSearch" time="6.039" errors="0" timestamp="17 Mar 2020 07:55:49 GMT" skipped="0">
  <testcase classname="test.TestNG_GoogleSearch" name="googleSearch" time="6.039"/>
</testsuite> <!-- test.TestNG_GoogleSearch -->
